<?xml version="1.0" encoding="UTF-8"?>
<!-- Generated by org.testng.reporters.JUnitReportReporter -->
<testsuite hostname="LAPTOP-H6MNQP0B" failures="0" tests="2" name="com.fb.testcases.TestLoginTC001" time="25.671" errors="0" timestamp="2023-05-12T12:02:58 IST" skipped="0">
  <testcase classname="com.fb.testcases.TestLoginTC001" name="testLoginFB" time="14.216"/>
  <system-out/>
  <testcase classname="com.fb.testcases.TestLoginTC001" name="testLoginFB" time="11.455"/>
  <system-out/>
</testsuite> <!-- com.fb.testcases.TestLoginTC001 -->
