<?xml version="1.0" encoding="UTF-8"?>
<!-- Generated by org.testng.reporters.JUnitReportReporter -->
<testsuite hostname="LAPTOP-H6MNQP0B" failures="0" tests="2" name="com.fb.testcases.TestLoginTC001" time="19.096" errors="0" timestamp="2023-05-30T11:51:06 IST" skipped="0">
  <testcase classname="com.fb.testcases.TestLoginTC001" name="testLoginFB" time="10.933"/>
  <system-out/>
  <testcase classname="com.fb.testcases.TestLoginTC001" name="testLoginFB" time="8.163"/>
  <system-out/>
</testsuite> <!-- com.fb.testcases.TestLoginTC001 -->
