<?xml version="1.0" encoding="UTF-8"?>
<!-- Generated by org.testng.reporters.JUnitReportReporter -->
<testsuite hostname="LAPTOP-H6MNQP0B" failures="0" tests="2" name="com.fb.testcases.TestLoginTC001" time="17.298" errors="0" timestamp="2023-05-27T13:03:31 IST" skipped="0">
  <testcase classname="com.fb.testcases.TestLoginTC001" name="testLoginFB" time="8.545"/>
  <system-out/>
  <testcase classname="com.fb.testcases.TestLoginTC001" name="testLoginFB" time="8.753"/>
  <system-out/>
</testsuite> <!-- com.fb.testcases.TestLoginTC001 -->
