<?xml version="1.0" encoding="UTF-8"?>
<!-- Generated by org.testng.reporters.JUnitReportReporter -->
<testsuite hostname="LAPTOP-H6MNQP0B" failures="0" tests="1" name="com.fb.testcases.TestFBTC002" time="0.002" errors="0" timestamp="2023-05-30T11:51:06 IST" skipped="0">
  <testcase classname="com.fb.testcases.TestFBTC002" name="testfbtest" time="0.002"/>
  <system-out/>
</testsuite> <!-- com.fb.testcases.TestFBTC002 -->
